This file contains any messages produced by compilers while
running configure, to aid debugging if configure makes a mistake.

It was created by libogg configure 1.3.3, which was
generated by GNU Autoconf 2.69.  Invocation command line was

  $ ./configure 

## --------- ##
## Platform. ##
## --------- ##

hostname = S63176516
uname -m = i686
uname -r = 2.6.0(0.304/5/3)
uname -s = CYGWIN_NT-10.0-WOW
uname -v = 2016-08-31 14:27

/usr/bin/uname -p = unknown
/bin/uname -X     = unknown

/bin/arch              = i686
/usr/bin/arch -k       = unknown
/usr/convex/getsysinfo = unknown
/usr/bin/hostinfo      = unknown
/bin/machine           = unknown
/usr/bin/oslevel       = unknown
/bin/universe          = unknown

PATH: /usr/local/bin
PATH: /usr/bin
PATH: /cygdrive/c/MentorGraphics/9.5PADS/SDD_HOME/common/win32/bin
PATH: /cygdrive/c/MentorGraphics/9.5PADS/SDD_HOME/common/win32/lib
PATH: /cygdrive/c/MentorGraphics/9.5PADS/MGC_HOME.ixn/bin
PATH: /cygdrive/c/MentorGraphics/9.5PADS/MGC_HOME.ixn/lib
PATH: /cygdrive/c/ProgramData/Oracle/Java/javapath
PATH: /cygdrive/c/Windows/system32
PATH: /cygdrive/c/Windows
PATH: /cygdrive/c/Windows/System32/Wbem
PATH: /cygdrive/c/Windows/System32/WindowsPowerShell/v1.0
PATH: /cygdrive/c/WORKSOFT/TortoiseSVN/bin
PATH: /cygdrive/c/MinGW/bin
PATH: /cygdrive/c/Users/hank_li/AppData/Local/Microsoft/WindowsApps
PATH: /cygdrive/c/MentorGraphics/9.5PADS/SDD_HOME/common/win32/lib
PATH: /cygdrive/c/MentorGraphics/9.5PADS/SDD_HOME/CAMCAD


## ----------- ##
## Core tests. ##
## ----------- ##

configure:2466: checking for a BSD-compatible install
configure:2534: result: /usr/bin/install -c
configure:2545: checking whether build environment is sane
configure:2600: result: yes
configure:2751: checking for a thread-safe mkdir -p
configure:2790: result: /usr/bin/mkdir -p
configure:2797: checking for gawk
configure:2813: found /usr/bin/gawk
configure:2824: result: gawk
configure:2835: checking whether make sets $(MAKE)
configure:2857: result: yes
configure:2886: checking whether make supports nested variables
configure:2903: result: yes
configure:3030: checking whether to enable maintainer-specific portions of Makefiles
configure:3039: result: yes
configure:3109: checking for gcc
configure:3125: found /cygdrive/c/MinGW/bin/gcc
configure:3136: result: gcc
configure:3365: checking for C compiler version
configure:3374: gcc --version >&5
gcc.exe (MinGW.org GCC-8.2.0-1) 8.2.0
Copyright (C) 2018 Free Software Foundation, Inc.
This is free software; see the source for copying conditions.  There is NO
warranty; not even for MERCHANTABILITY or FITNESS FOR A PARTICULAR PURPOSE.

configure:3385: $? = 0
configure:3374: gcc -v >&5
Using built-in specs.
COLLECT_GCC=C:\MinGW\bin\gcc.exe
COLLECT_LTO_WRAPPER=c:/mingw/bin/../libexec/gcc/mingw32/8.2.0/lto-wrapper.exe
Target: mingw32
Configured with: ../src/gcc-8.2.0/configure --build=x86_64-pc-linux-gnu --host=mingw32 --target=mingw32 --prefix=/mingw --disable-win32-registry --with-arch=i586 --with-tune=generic --enable-languages=c,c++,objc,obj-c++,fortran,ada --with-pkgversion='MinGW.org GCC-8.2.0-1' --with-gmp=/mingw --with-mpfr=/mingw --with-mpc=/mingw --enable-static --enable-shared --enable-threads --with-dwarf2 --disable-sjlj-exceptions --enable-version-specific-runtime-libs --with-libiconv-prefix=/mingw --with-libintl-prefix=/mingw --enable-libstdcxx-debug --with-isl=/mingw --enable-libgomp --disable-libvtv --enable-nls --disable-build-format-warnings : (reconfigured) ../src/gcc-8.2.0/configure --build=x86_64-pc-linux-gnu --host=mingw32 --target=mingw32 --prefix=/mingw --disable-win32-registry --with-arch=i586 --with-tune=generic --enable-languages=c,c++,objc,obj-c++,fortran,ada --with-pkgversion='MinGW.org GCC-8.2.0-1' --with-gmp=/mingw --with-mpfr=/mingw --with-mpc=/mingw --enable-static --enable-shared --enable-threads --with-dwarf2 --disable-sjlj-exceptions --enable-version-specific-runtime-libs --with-libiconv-prefix=/mingw --with-libintl-prefix=/mingw --enable-libstdcxx-debug --with-isl=/mingw --enable-libgomp --disable-libvtv --enable-nls --disable-build-format-warnings
Thread model: win32
gcc version 8.2.0 (MinGW.org GCC-8.2.0-1) 
configure:3385: $? = 0
configure:3374: gcc -V >&5
gcc.exe: error: unrecognized command line option '-V'
gcc.exe: fatal error: no input files
compilation terminated.
configure:3385: $? = 1
configure:3374: gcc -qversion >&5
gcc.exe: error: unrecognized command line option '-qversion'; did you mean '--version'?
gcc.exe: fatal error: no input files
compilation terminated.
configure:3385: $? = 1
configure:3405: checking whether the C compiler works
configure:3427: gcc    conftest.c  >&5
configure:3431: $? = 0
configure:3479: result: yes
configure:3482: checking for C compiler default output file name
configure:3484: result: a.exe
configure:3490: checking for suffix of executables
configure:3497: gcc -o conftest.exe    conftest.c  >&5
configure:3501: $? = 0
configure:3523: result: .exe
configure:3545: checking whether we are cross compiling
configure:3553: gcc -o conftest.exe    conftest.c  >&5
configure:3557: $? = 0
configure:3564: ./conftest.exe
configure:3568: $? = 0
configure:3583: result: no
configure:3588: checking for suffix of object files
configure:3610: gcc -c   conftest.c >&5
configure:3614: $? = 0
configure:3635: result: o
configure:3639: checking whether we are using the GNU C compiler
configure:3658: gcc -c   conftest.c >&5
configure:3658: $? = 0
configure:3667: result: yes
configure:3676: checking whether gcc accepts -g
configure:3696: gcc -c -g  conftest.c >&5
configure:3696: $? = 0
configure:3737: result: yes
configure:3754: checking for gcc option to accept ISO C89
configure:3817: gcc  -c -g -O2  conftest.c >&5
configure:3817: $? = 0
configure:3830: result: none needed
configure:3855: checking whether gcc understands -c and -o together
configure:3877: gcc -c conftest.c -o conftest2.o
configure:3880: $? = 0
configure:3877: gcc -c conftest.c -o conftest2.o
configure:3880: $? = 0
configure:3892: result: yes
configure:3920: checking for style of include used by make
configure:3948: result: GNU
configure:3974: checking dependency style of gcc
configure:4085: result: gcc3
configure:4129: checking build system type
configure:4143: result: i686-pc-cygwin
configure:4163: checking host system type
configure:4176: result: i686-pc-cygwin
configure:4217: checking how to print strings
configure:4244: result: printf
configure:4265: checking for a sed that does not truncate output
configure:4329: result: /usr/bin/sed
configure:4347: checking for grep that handles long lines and -e
configure:4405: result: /usr/bin/grep
configure:4410: checking for egrep
configure:4472: result: /usr/bin/grep -E
configure:4477: checking for fgrep
configure:4539: result: /usr/bin/grep -F
configure:4574: checking for ld used by gcc
configure:4641: result: c:/mingw/mingw32/bin/ld.exe
configure:4648: checking if the linker (c:/mingw/mingw32/bin/ld.exe) is GNU ld
configure:4663: result: yes
configure:4675: checking for BSD- or MS-compatible name lister (nm)
configure:4729: result: /usr/bin/nm -B
configure:4859: checking the name lister (/usr/bin/nm -B) interface
configure:4866: gcc -c -g -O2  conftest.c >&5
configure:4869: /usr/bin/nm -B "conftest.o"
configure:4872: output
00000000 b .bss
00000000 d .data
00000000 N .debug_abbrev
00000000 N .debug_aranges
00000000 N .debug_info
00000000 N .debug_line
00000000 r .rdata$zzz
00000000 t .text
00000000 B _some_variable
configure:4879: result: BSD nm
configure:4882: checking whether ln -s works
configure:4886: result: yes
configure:4894: checking the maximum length of command line arguments
configure:5025: result: 8192
configure:5073: checking how to convert i686-pc-cygwin file names to i686-pc-cygwin format
configure:5113: result: func_convert_file_noop
configure:5120: checking how to convert i686-pc-cygwin file names to toolchain format
configure:5140: result: func_convert_file_noop
configure:5147: checking for c:/mingw/mingw32/bin/ld.exe option to reload object files
configure:5154: result: -r
configure:5228: checking for objdump
configure:5244: found /usr/bin/objdump
configure:5255: result: objdump
configure:5287: checking how to recognize dependent libraries
configure:5487: result: file_magic ^x86 archive import|^x86 DLL
configure:5572: checking for dlltool
configure:5588: found /usr/bin/dlltool
configure:5599: result: dlltool
configure:5632: checking how to associate runtime and link libraries
configure:5659: result: func_cygming_dll_for_implib
configure:5720: checking for ar
configure:5736: found /usr/bin/ar
configure:5747: result: ar
configure:5784: checking for archiver @FILE support
configure:5801: gcc -c -g -O2  conftest.c >&5
configure:5801: $? = 0
configure:5804: ar cru libconftest.a @conftest.lst >&5
configure:5807: $? = 0
configure:5812: ar cru libconftest.a @conftest.lst >&5
ar: conftest.o: No such file or directory
configure:5815: $? = 1
configure:5827: result: @
configure:5885: checking for strip
configure:5901: found /usr/bin/strip
configure:5912: result: strip
configure:5984: checking for ranlib
configure:6000: found /usr/bin/ranlib
configure:6011: result: ranlib
configure:6113: checking command to parse /usr/bin/nm -B output from gcc object
configure:6266: gcc -c -g -O2  conftest.c >&5
configure:6269: $? = 0
configure:6273: /usr/bin/nm -B conftest.o \| sed -n -e 's/^.*[ ]\([ABCDGIRSTW][ABCDGIRSTW]*\)[ ][ ]*\([_A-Za-z][_A-Za-z0-9]*\)$/\1 \2 \2/p' | sed '/ __gnu_lto/d' \> conftest.nm
configure:6276: $? = 0
cannot find nm_test_var in conftest.nm
configure:6266: gcc -c -g -O2  conftest.c >&5
configure:6269: $? = 0
configure:6273: /usr/bin/nm -B conftest.o \| sed -n -e 's/^.*[ ]\([ABCDGIRSTW][ABCDGIRSTW]*\)[ ][ ]*_\([_A-Za-z][_A-Za-z0-9]*\)$/\1 _\2 \2/p' | sed '/ __gnu_lto/d' \> conftest.nm
configure:6276: $? = 0
configure:6342: gcc -o conftest.exe -g -O2   conftest.c conftstm.o >&5
configure:6345: $? = 0
configure:6383: result: ok
configure:6430: checking for sysroot
configure:6460: result: no
configure:6467: checking for a working dd
configure:6505: result: 
configure:6509: checking how to truncate binary pipes
configure:6524: result: /usr/bin/sed -e 4q
configure:6853: checking for mt
configure:6883: result: no
configure:6903: checking if : is a manifest tool
configure:6909: : '-?'
configure:6917: result: no
configure:7594: checking how to run the C preprocessor
configure:7625: gcc -E  conftest.c
configure:7625: $? = 0
configure:7639: gcc -E  conftest.c
conftest.c:11:10: fatal error: ac_nonexistent.h: No such file or directory
 #include <ac_nonexistent.h>
          ^~~~~~~~~~~~~~~~~~
compilation terminated.
configure:7639: $? = 1
configure: failed program was:
| /* confdefs.h */
| #define PACKAGE_NAME "libogg"
| #define PACKAGE_TARNAME "libogg"
| #define PACKAGE_VERSION "1.3.3"
| #define PACKAGE_STRING "libogg 1.3.3"
| #define PACKAGE_BUGREPORT "ogg-dev@xiph.org"
| #define PACKAGE_URL ""
| #define PACKAGE "libogg"
| #define VERSION "1.3.3"
| /* end confdefs.h.  */
| #include <ac_nonexistent.h>
configure:7664: result: gcc -E
configure:7684: gcc -E  conftest.c
configure:7684: $? = 0
configure:7698: gcc -E  conftest.c
conftest.c:11:10: fatal error: ac_nonexistent.h: No such file or directory
 #include <ac_nonexistent.h>
          ^~~~~~~~~~~~~~~~~~
compilation terminated.
configure:7698: $? = 1
configure: failed program was:
| /* confdefs.h */
| #define PACKAGE_NAME "libogg"
| #define PACKAGE_TARNAME "libogg"
| #define PACKAGE_VERSION "1.3.3"
| #define PACKAGE_STRING "libogg 1.3.3"
| #define PACKAGE_BUGREPORT "ogg-dev@xiph.org"
| #define PACKAGE_URL ""
| #define PACKAGE "libogg"
| #define VERSION "1.3.3"
| /* end confdefs.h.  */
| #include <ac_nonexistent.h>
configure:7727: checking for ANSI C header files
configure:7747: gcc -c -g -O2  conftest.c >&5
configure:7747: $? = 0
configure:7820: gcc -o conftest.exe -g -O2   conftest.c  >&5
configure:7820: $? = 0
configure:7820: ./conftest.exe
configure:7820: $? = 0
configure:7831: result: yes
configure:7844: checking for sys/types.h
configure:7844: gcc -c -g -O2  conftest.c >&5
configure:7844: $? = 0
configure:7844: result: yes
configure:7844: checking for sys/stat.h
configure:7844: gcc -c -g -O2  conftest.c >&5
configure:7844: $? = 0
configure:7844: result: yes
configure:7844: checking for stdlib.h
configure:7844: gcc -c -g -O2  conftest.c >&5
configure:7844: $? = 0
configure:7844: result: yes
configure:7844: checking for string.h
configure:7844: gcc -c -g -O2  conftest.c >&5
configure:7844: $? = 0
configure:7844: result: yes
configure:7844: checking for memory.h
configure:7844: gcc -c -g -O2  conftest.c >&5
configure:7844: $? = 0
configure:7844: result: yes
configure:7844: checking for strings.h
configure:7844: gcc -c -g -O2  conftest.c >&5
configure:7844: $? = 0
configure:7844: result: yes
configure:7844: checking for inttypes.h
configure:7844: gcc -c -g -O2  conftest.c >&5
configure:7844: $? = 0
configure:7844: result: yes
configure:7844: checking for stdint.h
configure:7844: gcc -c -g -O2  conftest.c >&5
configure:7844: $? = 0
configure:7844: result: yes
configure:7844: checking for unistd.h
configure:7844: gcc -c -g -O2  conftest.c >&5
configure:7844: $? = 0
configure:7844: result: yes
configure:7858: checking for dlfcn.h
configure:7858: gcc -c -g -O2  conftest.c >&5
configure:7858: $? = 0
configure:7858: result: yes
configure:8114: checking for objdir
configure:8129: result: .libs
configure:8389: checking if gcc supports -fno-rtti -fno-exceptions
configure:8407: gcc -c -g -O2  -fno-rtti -fno-exceptions conftest.c >&5
cc1.exe: warning: command line option '-fno-rtti' is valid for C++/ObjC++ but not for C
configure:8411: $? = 0
configure:8424: result: no
configure:8782: checking for gcc option to produce PIC
configure:8789: result: -DDLL_EXPORT -DPIC
configure:8797: checking if gcc PIC flag -DDLL_EXPORT -DPIC works
configure:8815: gcc -c -g -O2  -DDLL_EXPORT -DPIC -DPIC conftest.c >&5
configure:8819: $? = 0
configure:8832: result: yes
configure:8861: checking if gcc static flag -static works
configure:8889: result: yes
configure:8904: checking if gcc supports -c -o file.o
configure:8925: gcc -c -g -O2  -o out/conftest2.o conftest.c >&5
configure:8929: $? = 0
configure:8951: result: yes
configure:8959: checking if gcc supports -c -o file.o
configure:9006: result: yes
configure:9039: checking whether the gcc linker (c:/mingw/mingw32/bin/ld.exe) supports shared libraries
configure:10298: result: yes
configure:10335: checking whether -lc should be explicitly linked in
configure:10343: gcc -c -g -O2  conftest.c >&5
configure:10346: $? = 0
configure:10361: gcc -shared conftest.o  -v -o ./conftest -Wl,--enable-auto-image-base -Xlinker --out-implib -Xlinker conftest 2\>\&1 \| /usr/bin/grep  -lc  \>/dev/null 2\>\&1
configure:10364: $? = 1
configure:10378: result: yes
configure:10538: checking dynamic linker characteristics
configure:11359: result: Win32 ld.exe
configure:11481: checking how to hardcode library paths into programs
configure:11506: result: immediate
configure:12054: checking whether stripping libraries is possible
configure:12059: result: yes
configure:12094: checking if libtool supports shared libraries
configure:12096: result: yes
configure:12099: checking whether to build shared libraries
configure:12124: result: yes
configure:12127: checking whether to build static libraries
configure:12131: result: yes
configure:12220: checking for ANSI C header files
configure:12324: result: yes
configure:12335: checking for inttypes.h
configure:12335: result: yes
configure:12341: checking for stdint.h
configure:12341: result: yes
configure:12347: checking for sys/types.h
configure:12347: result: yes
configure:12354: checking for an ANSI C-conforming const
configure:12420: gcc -c -O20 -fsigned-char -g -O2  conftest.c >&5
configure:12420: $? = 0
configure:12427: result: yes
configure:12441: checking size of int16_t
configure:12446: gcc -o conftest.exe -O20 -fsigned-char -g -O2   conftest.c  >&5
configure:12446: $? = 0
configure:12446: ./conftest.exe
configure:12446: $? = 0
configure:12460: result: 2
configure:12474: checking size of uint16_t
configure:12479: gcc -o conftest.exe -O20 -fsigned-char -g -O2   conftest.c  >&5
configure:12479: $? = 0
configure:12479: ./conftest.exe
configure:12479: $? = 0
configure:12493: result: 2
configure:12507: checking size of u_int16_t
configure:12512: gcc -o conftest.exe -O20 -fsigned-char -g -O2   conftest.c  >&5
conftest.c: In function 'longval':
conftest.c:59:57: error: 'u_int16_t' undeclared (first use in this function); did you mean 'uint16_t'?
 static long int longval () { return (long int) (sizeof (u_int16_t)); }
                                                         ^~~~~~~~~
                                                         uint16_t
conftest.c:59:57: note: each undeclared identifier is reported only once for each function it appears in
conftest.c: In function 'ulongval':
conftest.c:60:67: error: 'u_int16_t' undeclared (first use in this function); did you mean 'uint16_t'?
 static unsigned long int ulongval () { return (long int) (sizeof (u_int16_t)); }
                                                                   ^~~~~~~~~
                                                                   uint16_t
conftest.c: In function 'main':
conftest.c:70:28: error: 'u_int16_t' undeclared (first use in this function); did you mean 'uint16_t'?
   if (((long int) (sizeof (u_int16_t))) < 0)
                            ^~~~~~~~~
                            uint16_t
configure:12512: $? = 1
configure: program exited with status 1
configure: failed program was:
| /* confdefs.h */
| #define PACKAGE_NAME "libogg"
| #define PACKAGE_TARNAME "libogg"
| #define PACKAGE_VERSION "1.3.3"
| #define PACKAGE_STRING "libogg 1.3.3"
| #define PACKAGE_BUGREPORT "ogg-dev@xiph.org"
| #define PACKAGE_URL ""
| #define PACKAGE "libogg"
| #define VERSION "1.3.3"
| #define STDC_HEADERS 1
| #define HAVE_SYS_TYPES_H 1
| #define HAVE_SYS_STAT_H 1
| #define HAVE_STDLIB_H 1
| #define HAVE_STRING_H 1
| #define HAVE_MEMORY_H 1
| #define HAVE_STRINGS_H 1
| #define HAVE_INTTYPES_H 1
| #define HAVE_STDINT_H 1
| #define HAVE_UNISTD_H 1
| #define HAVE_DLFCN_H 1
| #define LT_OBJDIR ".libs/"
| #define STDC_HEADERS 1
| #define SIZEOF_INT16_T 2
| #define SIZEOF_UINT16_T 2
| /* end confdefs.h.  */
| #include <stdio.h>
| #ifdef HAVE_SYS_TYPES_H
| # include <sys/types.h>
| #endif
| #ifdef HAVE_SYS_STAT_H
| # include <sys/stat.h>
| #endif
| #ifdef STDC_HEADERS
| # include <stdlib.h>
| # include <stddef.h>
| #else
| # ifdef HAVE_STDLIB_H
| #  include <stdlib.h>
| # endif
| #endif
| #ifdef HAVE_STRING_H
| # if !defined STDC_HEADERS && defined HAVE_MEMORY_H
| #  include <memory.h>
| # endif
| # include <string.h>
| #endif
| #ifdef HAVE_STRINGS_H
| # include <strings.h>
| #endif
| #ifdef HAVE_INTTYPES_H
| # include <inttypes.h>
| #endif
| #ifdef HAVE_STDINT_H
| # include <stdint.h>
| #endif
| #ifdef HAVE_UNISTD_H
| # include <unistd.h>
| #endif
| static long int longval () { return (long int) (sizeof (u_int16_t)); }
| static unsigned long int ulongval () { return (long int) (sizeof (u_int16_t)); }
| #include <stdio.h>
| #include <stdlib.h>
| int
| main ()
| {
| 
|   FILE *f = fopen ("conftest.val", "w");
|   if (! f)
|     return 1;
|   if (((long int) (sizeof (u_int16_t))) < 0)
|     {
|       long int i = longval ();
|       if (i != ((long int) (sizeof (u_int16_t))))
| 	return 1;
|       fprintf (f, "%ld", i);
|     }
|   else
|     {
|       unsigned long int i = ulongval ();
|       if (i != ((long int) (sizeof (u_int16_t))))
| 	return 1;
|       fprintf (f, "%lu", i);
|     }
|   /* Do not output a trailing newline, as this causes \r\n confusion
|      on some platforms.  */
|   return ferror (f) || fclose (f) != 0;
| 
|   ;
|   return 0;
| }
configure:12526: result: 0
configure:12540: checking size of int32_t
configure:12545: gcc -o conftest.exe -O20 -fsigned-char -g -O2   conftest.c  >&5
configure:12545: $? = 0
configure:12545: ./conftest.exe
configure:12545: $? = 0
configure:12559: result: 4
configure:12573: checking size of uint32_t
configure:12578: gcc -o conftest.exe -O20 -fsigned-char -g -O2   conftest.c  >&5
configure:12578: $? = 0
configure:12578: ./conftest.exe
configure:12578: $? = 0
configure:12592: result: 4
configure:12606: checking size of u_int32_t
configure:12611: gcc -o conftest.exe -O20 -fsigned-char -g -O2   conftest.c  >&5
conftest.c: In function 'longval':
conftest.c:62:57: error: 'u_int32_t' undeclared (first use in this function); did you mean 'uint32_t'?
 static long int longval () { return (long int) (sizeof (u_int32_t)); }
                                                         ^~~~~~~~~
                                                         uint32_t
conftest.c:62:57: note: each undeclared identifier is reported only once for each function it appears in
conftest.c: In function 'ulongval':
conftest.c:63:67: error: 'u_int32_t' undeclared (first use in this function); did you mean 'uint32_t'?
 static unsigned long int ulongval () { return (long int) (sizeof (u_int32_t)); }
                                                                   ^~~~~~~~~
                                                                   uint32_t
conftest.c: In function 'main':
conftest.c:73:28: error: 'u_int32_t' undeclared (first use in this function); did you mean 'uint32_t'?
   if (((long int) (sizeof (u_int32_t))) < 0)
                            ^~~~~~~~~
                            uint32_t
configure:12611: $? = 1
configure: program exited with status 1
configure: failed program was:
| /* confdefs.h */
| #define PACKAGE_NAME "libogg"
| #define PACKAGE_TARNAME "libogg"
| #define PACKAGE_VERSION "1.3.3"
| #define PACKAGE_STRING "libogg 1.3.3"
| #define PACKAGE_BUGREPORT "ogg-dev@xiph.org"
| #define PACKAGE_URL ""
| #define PACKAGE "libogg"
| #define VERSION "1.3.3"
| #define STDC_HEADERS 1
| #define HAVE_SYS_TYPES_H 1
| #define HAVE_SYS_STAT_H 1
| #define HAVE_STDLIB_H 1
| #define HAVE_STRING_H 1
| #define HAVE_MEMORY_H 1
| #define HAVE_STRINGS_H 1
| #define HAVE_INTTYPES_H 1
| #define HAVE_STDINT_H 1
| #define HAVE_UNISTD_H 1
| #define HAVE_DLFCN_H 1
| #define LT_OBJDIR ".libs/"
| #define STDC_HEADERS 1
| #define SIZEOF_INT16_T 2
| #define SIZEOF_UINT16_T 2
| #define SIZEOF_U_INT16_T 0
| #define SIZEOF_INT32_T 4
| #define SIZEOF_UINT32_T 4
| /* end confdefs.h.  */
| #include <stdio.h>
| #ifdef HAVE_SYS_TYPES_H
| # include <sys/types.h>
| #endif
| #ifdef HAVE_SYS_STAT_H
| # include <sys/stat.h>
| #endif
| #ifdef STDC_HEADERS
| # include <stdlib.h>
| # include <stddef.h>
| #else
| # ifdef HAVE_STDLIB_H
| #  include <stdlib.h>
| # endif
| #endif
| #ifdef HAVE_STRING_H
| # if !defined STDC_HEADERS && defined HAVE_MEMORY_H
| #  include <memory.h>
| # endif
| # include <string.h>
| #endif
| #ifdef HAVE_STRINGS_H
| # include <strings.h>
| #endif
| #ifdef HAVE_INTTYPES_H
| # include <inttypes.h>
| #endif
| #ifdef HAVE_STDINT_H
| # include <stdint.h>
| #endif
| #ifdef HAVE_UNISTD_H
| # include <unistd.h>
| #endif
| static long int longval () { return (long int) (sizeof (u_int32_t)); }
| static unsigned long int ulongval () { return (long int) (sizeof (u_int32_t)); }
| #include <stdio.h>
| #include <stdlib.h>
| int
| main ()
| {
| 
|   FILE *f = fopen ("conftest.val", "w");
|   if (! f)
|     return 1;
|   if (((long int) (sizeof (u_int32_t))) < 0)
|     {
|       long int i = longval ();
|       if (i != ((long int) (sizeof (u_int32_t))))
| 	return 1;
|       fprintf (f, "%ld", i);
|     }
|   else
|     {
|       unsigned long int i = ulongval ();
|       if (i != ((long int) (sizeof (u_int32_t))))
| 	return 1;
|       fprintf (f, "%lu", i);
|     }
|   /* Do not output a trailing newline, as this causes \r\n confusion
|      on some platforms.  */
|   return ferror (f) || fclose (f) != 0;
| 
|   ;
|   return 0;
| }
configure:12625: result: 0
configure:12639: checking size of int64_t
configure:12644: gcc -o conftest.exe -O20 -fsigned-char -g -O2   conftest.c  >&5
configure:12644: $? = 0
configure:12644: ./conftest.exe
configure:12644: $? = 0
configure:12658: result: 8
configure:12672: checking size of short
configure:12677: gcc -o conftest.exe -O20 -fsigned-char -g -O2   conftest.c  >&5
configure:12677: $? = 0
configure:12677: ./conftest.exe
configure:12677: $? = 0
configure:12691: result: 2
configure:12705: checking size of int
configure:12710: gcc -o conftest.exe -O20 -fsigned-char -g -O2   conftest.c  >&5
configure:12710: $? = 0
configure:12710: ./conftest.exe
configure:12710: $? = 0
configure:12724: result: 4
configure:12738: checking size of long
configure:12743: gcc -o conftest.exe -O20 -fsigned-char -g -O2   conftest.c  >&5
configure:12743: $? = 0
configure:12743: ./conftest.exe
configure:12743: $? = 0
configure:12757: result: 4
configure:12771: checking size of long long
configure:12776: gcc -o conftest.exe -O20 -fsigned-char -g -O2   conftest.c  >&5
configure:12776: $? = 0
configure:12776: ./conftest.exe
configure:12776: $? = 0
configure:12790: result: 8
configure:12853: checking for working memcmp
configure:12896: gcc -o conftest.exe -O20 -fsigned-char -g -O2   conftest.c  >&5
configure:12896: $? = 0
configure:12896: ./conftest.exe
configure:12896: $? = 0
configure:12906: result: yes
configure:13047: checking that generated files are newer than configure
configure:13053: result: done
configure:13080: creating ./config.status

## ---------------------- ##
## Running config.status. ##
## ---------------------- ##

This file was extended by libogg config.status 1.3.3, which was
generated by GNU Autoconf 2.69.  Invocation command line was

  CONFIG_FILES    = 
  CONFIG_HEADERS  = 
  CONFIG_LINKS    = 
  CONFIG_COMMANDS = 
  $ ./config.status 

on S63176516

config.status:1135: creating Makefile
config.status:1135: creating src/Makefile
config.status:1135: creating doc/Makefile
config.status:1135: creating doc/libogg/Makefile
config.status:1135: creating include/Makefile
config.status:1135: creating include/ogg/Makefile
config.status:1135: creating include/ogg/config_types.h
config.status:1135: creating libogg.spec
config.status:1135: creating ogg.pc
config.status:1135: creating ogg-uninstalled.pc
config.status:1135: creating config.h
config.status:1364: executing depfiles commands
config.status:1364: executing libtool commands

## ---------------- ##
## Cache variables. ##
## ---------------- ##

ac_cv_build=i686-pc-cygwin
ac_cv_c_compiler_gnu=yes
ac_cv_c_const=yes
ac_cv_env_CC_set=
ac_cv_env_CC_value=
ac_cv_env_CFLAGS_set=
ac_cv_env_CFLAGS_value=
ac_cv_env_CPPFLAGS_set=
ac_cv_env_CPPFLAGS_value=
ac_cv_env_CPP_set=
ac_cv_env_CPP_value=
ac_cv_env_LDFLAGS_set=
ac_cv_env_LDFLAGS_value=
ac_cv_env_LIBS_set=
ac_cv_env_LIBS_value=
ac_cv_env_LT_SYS_LIBRARY_PATH_set=
ac_cv_env_LT_SYS_LIBRARY_PATH_value=
ac_cv_env_build_alias_set=
ac_cv_env_build_alias_value=
ac_cv_env_host_alias_set=
ac_cv_env_host_alias_value=
ac_cv_env_target_alias_set=
ac_cv_env_target_alias_value=
ac_cv_exeext=.exe
ac_cv_func_memcmp_working=yes
ac_cv_header_dlfcn_h=yes
ac_cv_header_inttypes_h=yes
ac_cv_header_memory_h=yes
ac_cv_header_stdc=yes
ac_cv_header_stdint_h=yes
ac_cv_header_stdlib_h=yes
ac_cv_header_string_h=yes
ac_cv_header_strings_h=yes
ac_cv_header_sys_stat_h=yes
ac_cv_header_sys_types_h=yes
ac_cv_header_unistd_h=yes
ac_cv_host=i686-pc-cygwin
ac_cv_objext=o
ac_cv_path_EGREP='/usr/bin/grep -E'
ac_cv_path_FGREP='/usr/bin/grep -F'
ac_cv_path_GREP=/usr/bin/grep
ac_cv_path_SED=/usr/bin/sed
ac_cv_path_install='/usr/bin/install -c'
ac_cv_path_mkdir=/usr/bin/mkdir
ac_cv_prog_AWK=gawk
ac_cv_prog_CPP='gcc -E'
ac_cv_prog_ac_ct_AR=ar
ac_cv_prog_ac_ct_CC=gcc
ac_cv_prog_ac_ct_DLLTOOL=dlltool
ac_cv_prog_ac_ct_OBJDUMP=objdump
ac_cv_prog_ac_ct_RANLIB=ranlib
ac_cv_prog_ac_ct_STRIP=strip
ac_cv_prog_cc_c89=
ac_cv_prog_cc_g=yes
ac_cv_prog_make_make_set=yes
ac_cv_sizeof_int16_t=2
ac_cv_sizeof_int32_t=4
ac_cv_sizeof_int64_t=8
ac_cv_sizeof_int=4
ac_cv_sizeof_long=4
ac_cv_sizeof_long_long=8
ac_cv_sizeof_short=2
ac_cv_sizeof_u_int16_t=0
ac_cv_sizeof_u_int32_t=0
ac_cv_sizeof_uint16_t=2
ac_cv_sizeof_uint32_t=4
am_cv_CC_dependencies_compiler_type=gcc3
am_cv_make_support_nested_variables=yes
am_cv_prog_cc_c_o=yes
lt_cv_ar_at_file=@
lt_cv_archive_cmds_need_lc=yes
lt_cv_deplibs_check_method='file_magic ^x86 archive import|^x86 DLL'
lt_cv_file_magic_cmd=func_win32_libid
lt_cv_file_magic_test_file=
lt_cv_ld_reload_flag=-r
lt_cv_nm_interface='BSD nm'
lt_cv_objdir=.libs
lt_cv_path_LD=c:/mingw/mingw32/bin/ld.exe
lt_cv_path_NM='/usr/bin/nm -B'
lt_cv_path_mainfest_tool=no
lt_cv_prog_compiler_c_o=yes
lt_cv_prog_compiler_pic='-DDLL_EXPORT -DPIC'
lt_cv_prog_compiler_pic_works=yes
lt_cv_prog_compiler_rtti_exceptions=no
lt_cv_prog_compiler_static_works=yes
lt_cv_prog_gnu_ld=yes
lt_cv_sharedlib_from_linklib_cmd=func_cygming_dll_for_implib
lt_cv_sys_global_symbol_pipe='sed -n -e '\''s/^.*[	 ]\([ABCDGIRSTW][ABCDGIRSTW]*\)[	 ][	 ]*_\([_A-Za-z][_A-Za-z0-9]*\)$/\1 _\2 \2/p'\'' | sed '\''/ __gnu_lto/d'\'''
lt_cv_sys_global_symbol_to_c_name_address='sed -n -e '\''s/^: \(.*\) .*$/  {"\1", (void *) 0},/p'\'' -e '\''s/^[ABCDGIRSTW][ABCDGIRSTW]* .* \(.*\)$/  {"\1", (void *) \&\1},/p'\'''
lt_cv_sys_global_symbol_to_c_name_address_lib_prefix='sed -n -e '\''s/^: \(.*\) .*$/  {"\1", (void *) 0},/p'\'' -e '\''s/^[ABCDGIRSTW][ABCDGIRSTW]* .* \(lib.*\)$/  {"\1", (void *) \&\1},/p'\'' -e '\''s/^[ABCDGIRSTW][ABCDGIRSTW]* .* \(.*\)$/  {"lib\1", (void *) \&\1},/p'\'''
lt_cv_sys_global_symbol_to_cdecl='sed -n -e '\''s/^T .* \(.*\)$/extern int \1();/p'\'' -e '\''s/^[ABCDGIRSTW][ABCDGIRSTW]* .* \(.*\)$/extern char \1;/p'\'''
lt_cv_sys_global_symbol_to_import=
lt_cv_sys_max_cmd_len=8192
lt_cv_to_host_file_cmd=func_convert_file_noop
lt_cv_to_tool_file_cmd=func_convert_file_noop
lt_cv_truncate_bin='/usr/bin/sed -e 4q'

## ----------------- ##
## Output variables. ##
## ----------------- ##

ACLOCAL='${SHELL} /cygdrive/d/code_2019_4_25/component/common/audio/libogg-1.3.3/missing aclocal-1.15'
AMDEPBACKSLASH='\'
AMDEP_FALSE='#'
AMDEP_TRUE=''
AMTAR='$${TAR-tar}'
AM_BACKSLASH='\'
AM_DEFAULT_V='$(AM_DEFAULT_VERBOSITY)'
AM_DEFAULT_VERBOSITY='1'
AM_V='$(V)'
AR='ar'
AUTOCONF='${SHELL} /cygdrive/d/code_2019_4_25/component/common/audio/libogg-1.3.3/missing autoconf'
AUTOHEADER='${SHELL} /cygdrive/d/code_2019_4_25/component/common/audio/libogg-1.3.3/missing autoheader'
AUTOMAKE='${SHELL} /cygdrive/d/code_2019_4_25/component/common/audio/libogg-1.3.3/missing automake-1.15'
AWK='gawk'
CC='gcc'
CCDEPMODE='depmode=gcc3'
CFLAGS='-O20 -fsigned-char -g -O2'
CPP='gcc -E'
CPPFLAGS=''
CYGPATH_W='cygpath -w'
DEBUG='-g -Wall -fsigned-char -g -O2'
DEFS='-DHAVE_CONFIG_H'
DEPDIR='.deps'
DLLTOOL='dlltool'
DSYMUTIL=''
DUMPBIN=''
ECHO_C=''
ECHO_N='-n'
ECHO_T=''
EGREP='/usr/bin/grep -E'
EXEEXT='.exe'
FGREP='/usr/bin/grep -F'
GREP='/usr/bin/grep'
INCLUDE_INTTYPES_H='1'
INCLUDE_STDINT_H='1'
INCLUDE_SYS_TYPES_H='1'
INSTALL_DATA='${INSTALL} -m 644'
INSTALL_PROGRAM='${INSTALL}'
INSTALL_SCRIPT='${INSTALL}'
INSTALL_STRIP_PROGRAM='$(install_sh) -c -s'
LD='c:/mingw/mingw32/bin/ld.exe'
LDFLAGS=''
LIBOBJS=''
LIBS=''
LIBTOOL='$(SHELL) $(top_builddir)/libtool'
LIBTOOL_DEPS='./ltmain.sh'
LIB_AGE='8'
LIB_CURRENT='8'
LIB_REVISION='3'
LIPO=''
LN_S='ln -s'
LTLIBOBJS=''
LT_SYS_LIBRARY_PATH=''
MAINT=''
MAINTAINER_MODE_FALSE='#'
MAINTAINER_MODE_TRUE=''
MAKEINFO='${SHELL} /cygdrive/d/code_2019_4_25/component/common/audio/libogg-1.3.3/missing makeinfo'
MANIFEST_TOOL=':'
MKDIR_P='/usr/bin/mkdir -p'
NM='/usr/bin/nm -B'
NMEDIT=''
OBJDUMP='objdump'
OBJEXT='o'
OPT=''
OTOOL64=''
OTOOL=''
PACKAGE='libogg'
PACKAGE_BUGREPORT='ogg-dev@xiph.org'
PACKAGE_NAME='libogg'
PACKAGE_STRING='libogg 1.3.3'
PACKAGE_TARNAME='libogg'
PACKAGE_URL=''
PACKAGE_VERSION='1.3.3'
PATH_SEPARATOR=':'
PROFILE='-O20 -g -pg -fsigned-char -g -O2'
RANLIB='ranlib'
SED='/usr/bin/sed'
SET_MAKE=''
SHELL='/bin/sh'
SIZE16='int16_t'
SIZE32='int32_t'
SIZE64='int64_t'
STRIP='strip'
USIZE16='uint16_t'
USIZE32='uint32_t'
VERSION='1.3.3'
ac_ct_AR='ar'
ac_ct_CC='gcc'
ac_ct_DUMPBIN=''
am__EXEEXT_FALSE='#'
am__EXEEXT_TRUE=''
am__fastdepCC_FALSE='#'
am__fastdepCC_TRUE=''
am__include='include'
am__isrc=''
am__leading_dot='.'
am__nodep='_no'
am__quote=''
am__tar='$${TAR-tar} chof - "$$tardir"'
am__untar='$${TAR-tar} xf -'
bindir='${exec_prefix}/bin'
build='i686-pc-cygwin'
build_alias=''
build_cpu='i686'
build_os='cygwin'
build_vendor='pc'
datadir='${datarootdir}'
datarootdir='${prefix}/share'
docdir='${datarootdir}/doc/${PACKAGE_TARNAME}'
dvidir='${docdir}'
exec_prefix='${prefix}'
host='i686-pc-cygwin'
host_alias=''
host_cpu='i686'
host_os='cygwin'
host_vendor='pc'
htmldir='${docdir}'
includedir='${prefix}/include'
infodir='${datarootdir}/info'
install_sh='${SHELL} /cygdrive/d/code_2019_4_25/component/common/audio/libogg-1.3.3/install-sh'
libdir='${exec_prefix}/lib'
libexecdir='${exec_prefix}/libexec'
localedir='${datarootdir}/locale'
localstatedir='${prefix}/var'
mandir='${datarootdir}/man'
mkdir_p='$(MKDIR_P)'
oldincludedir='/usr/include'
pdfdir='${docdir}'
prefix='/usr/local'
program_transform_name='s,x,x,'
psdir='${docdir}'
sbindir='${exec_prefix}/sbin'
sharedstatedir='${prefix}/com'
sysconfdir='${prefix}/etc'
target_alias=''

## ----------- ##
## confdefs.h. ##
## ----------- ##

/* confdefs.h */
#define PACKAGE_NAME "libogg"
#define PACKAGE_TARNAME "libogg"
#define PACKAGE_VERSION "1.3.3"
#define PACKAGE_STRING "libogg 1.3.3"
#define PACKAGE_BUGREPORT "ogg-dev@xiph.org"
#define PACKAGE_URL ""
#define PACKAGE "libogg"
#define VERSION "1.3.3"
#define STDC_HEADERS 1
#define HAVE_SYS_TYPES_H 1
#define HAVE_SYS_STAT_H 1
#define HAVE_STDLIB_H 1
#define HAVE_STRING_H 1
#define HAVE_MEMORY_H 1
#define HAVE_STRINGS_H 1
#define HAVE_INTTYPES_H 1
#define HAVE_STDINT_H 1
#define HAVE_UNISTD_H 1
#define HAVE_DLFCN_H 1
#define LT_OBJDIR ".libs/"
#define STDC_HEADERS 1
#define SIZEOF_INT16_T 2
#define SIZEOF_UINT16_T 2
#define SIZEOF_U_INT16_T 0
#define SIZEOF_INT32_T 4
#define SIZEOF_UINT32_T 4
#define SIZEOF_U_INT32_T 0
#define SIZEOF_INT64_T 8
#define SIZEOF_SHORT 2
#define SIZEOF_INT 4
#define SIZEOF_LONG 4
#define SIZEOF_LONG_LONG 8

configure: exit 0
